\BOOKMARK [1][-]{section.1}{\376\377\000I\000n\000g\000r\000e\000d\000i\000e\000n\000t\000s}{}% 1
\BOOKMARK [2][-]{subsection.1.1}{\376\377\000L\000i\000q\000u\000i\000d\000\040\000a\000s\000s\000e\000t\000s}{section.1}% 2
\BOOKMARK [2][-]{subsection.1.2}{\376\377\000T\000a\000r\000g\000e\000t}{section.1}% 3
\BOOKMARK [2][-]{subsection.1.3}{\376\377\000R\000a\000w\000\040\000d\000a\000t\000a}{section.1}% 4
\BOOKMARK [2][-]{subsection.1.4}{\376\377\000C\000e\000l\000l\000u\000l\000a\000r\000\040\000s\000t\000r\000u\000c\000t\000u\000r\000e}{section.1}% 5
\BOOKMARK [3][-]{subsubsection.1.4.1}{\376\377\000C\000o\000r\000r\000e\000l\000a\000t\000i\000o\000n\000\040\0001\000-\000c\000e\000l\000l}{subsection.1.4}% 6
\BOOKMARK [3][-]{subsubsection.1.4.2}{\376\377\000L\000e\000a\000d\000-\000l\000a\000g\000\040\0001\000-\000c\000e\000l\000l}{subsection.1.4}% 7
\BOOKMARK [3][-]{subsubsection.1.4.3}{\376\377\000S\000e\000c\000t\000o\000r\000-\000i\000n\000d\000u\000s\000t\000r\000y\000\040\0001\000-\000c\000e\000l\000l}{subsection.1.4}% 8
\BOOKMARK [3][-]{subsubsection.1.4.4}{\376\377\000S\000u\000p\000p\000l\000y\000-\000c\000h\000a\000i\000n\000\040\0001\000-\000c\000e\000l\000l}{subsection.1.4}% 9
\BOOKMARK [3][-]{subsubsection.1.4.5}{\376\377\000M\000a\000r\000k\000e\000t\000-\000e\000x\000p\000o\000s\000u\000r\000e\000\040\0001\000-\000c\000e\000l\000l}{subsection.1.4}% 10
\BOOKMARK [3][-]{subsubsection.1.4.6}{\376\377\000C\000o\000m\000m\000e\000n\000t\000s\000\040\000o\000n\000\040\0001\000-\000c\000e\000l\000l}{subsection.1.4}% 11
\BOOKMARK [2][-]{subsection.1.5}{\376\377\000F\000e\000a\000t\000u\000r\000e\000s\000\040\000a\000n\000d\000\040\000s\000t\000a\000n\000d\000a\000r\000i\000z\000a\000t\000i\000o\000n}{section.1}% 12
\BOOKMARK [2][-]{subsection.1.6}{\376\377\000T\000e\000m\000p\000o\000r\000a\000l\000\040\000s\000p\000l\000i\000t\000t\000i\000n\000g}{section.1}% 13
\BOOKMARK [1][-]{section.2}{\376\377\000D\000a\000t\000a\000-\000p\000r\000o\000c\000e\000s\000s\000i\000n\000g\000\040\000p\000r\000o\000c\000e\000d\000u\000r\000e\000s}{}% 14
\BOOKMARK [1][-]{section.3}{\376\377\000M\000o\000d\000e\000l\000s\000\040\000a\000n\000d\000\040\000O\000p\000t\000i\000m\000i\000z\000a\000t\000i\000o\000n\000\040\000O\000b\000j\000e\000c\000t\000i\000v\000e}{}% 15
\BOOKMARK [2][-]{subsection.3.1}{\376\377\000m\000o\000d\000e\000l\000\040\000h\000i\000e\000r\000a\000r\000c\000h\000y}{section.3}% 16
\BOOKMARK [2][-]{subsection.3.2}{\376\377\000C\000r\000o\000s\000s\000-\000e\000n\000t\000r\000o\000p\000y\000\040\000o\000p\000t\000i\000m\000i\000z\000a\000t\000i\000o\000n\000\040\000o\000b\000j\000e\000c\000t\000i\000v\000e}{section.3}% 17
\BOOKMARK [1][-]{section.4}{\376\377\000P\000o\000r\000t\000f\000o\000l\000i\000o}{}% 18
\BOOKMARK [2][-]{subsection.4.1}{\376\377\000R\000a\000n\000k\000i\000n\000g\000\040\000s\000c\000o\000r\000e}{section.4}% 19
\BOOKMARK [2][-]{subsection.4.2}{\376\377\000L\000o\000n\000g\000-\000s\000h\000o\000r\000t\000\040\000p\000o\000r\000t\000f\000o\000l\000i\000o}{section.4}% 20
\BOOKMARK [1][-]{section.5}{\376\377\000R\000e\000p\000o\000r\000t}{}% 21
\BOOKMARK [2][-]{subsection.5.1}{\376\377\000A\000b\000l\000a\000t\000i\000o\000n}{section.5}% 22
\BOOKMARK [2][-]{subsection.5.2}{\376\377\000E\000v\000a\000l\000u\000a\000t\000i\000o\000n}{section.5}% 23
\BOOKMARK [1][-]{section.6}{\376\377\000E\000x\000e\000c\000u\000t\000i\000o\000n}{}% 24
